<?xml version="1.0" encoding="UTF-8"?>
<!-- Generated by org.testng.reporters.JUnitReportReporter -->
<testsuite skipped="15" hostname="SAMEERA" name="projectFinal.EndToEnd" tests="16" failures="0" timestamp="2020-10-13T15:06:13 EDT" time="53.986" errors="1">
  <testcase name="test13" time="0.000" classname="projectFinal.EndToEnd">
    <skipped/>
  </testcase> <!-- test13 -->
  <system-out/>
  <testcase name="login" time="53.986" classname="projectFinal.EndToEnd">
    <error type="org.openqa.selenium.NoSuchElementException" message="no such element: Unable to locate element: {&quot;method&quot;:&quot;link text&quot;,&quot;selector&quot;:&quot;Log in / Connectez-vous&quot;}
  (Session info: chrome=86.0.4240.75)
For documentation on this error, please visit: https://www.seleniumhq.org/exceptions/no_such_element.html
Build info: version: &#039;3.141.59&#039;, revision: &#039;e82be7d358&#039;, time: &#039;2018-11-14T08:25:53&#039;
System info: host: &#039;SAMEERA&#039;, ip: &#039;192.168.2.13&#039;, os.name: &#039;Windows 10&#039;, os.arch: &#039;amd64&#039;, os.version: &#039;10.0&#039;, java.version: &#039;1.8.0_261&#039;
Driver info: org.openqa.selenium.chrome.ChromeDriver
Capabilities {acceptInsecureCerts: false, browserName: chrome, browserVersion: 86.0.4240.75, chrome: {chromedriverVersion: 85.0.4183.87 (cd6713ebf92fa..., userDataDir: C:\Users\sameera\AppData\Lo...}, goog:chromeOptions: {debuggerAddress: localhost:4899}, javascriptEnabled: true, networkConnectionEnabled: false, pageLoadStrategy: normal, platform: WINDOWS, platformName: WINDOWS, proxy: Proxy(), setWindowRect: true, strictFileInteractability: false, timeouts: {implicit: 0, pageLoad: 300000, script: 30000}, unhandledPromptBehavior: dismiss and notify, webauthn:virtualAuthenticators: true}
Session ID: 1c9927fec2e1fb3e60df0abdc2f6f80c
*** Element info: {Using=link text, value=Log in / Connectez-vous}">
      <![CDATA[org.openqa.selenium.NoSuchElementException: no such element: Unable to locate element: {"method":"link text","selector":"Log in / Connectez-vous"}
  (Session info: chrome=86.0.4240.75)
For documentation on this error, please visit: https://www.seleniumhq.org/exceptions/no_such_element.html
Build info: version: '3.141.59', revision: 'e82be7d358', time: '2018-11-14T08:25:53'
System info: host: 'SAMEERA', ip: '192.168.2.13', os.name: 'Windows 10', os.arch: 'amd64', os.version: '10.0', java.version: '1.8.0_261'
Driver info: org.openqa.selenium.chrome.ChromeDriver
Capabilities {acceptInsecureCerts: false, browserName: chrome, browserVersion: 86.0.4240.75, chrome: {chromedriverVersion: 85.0.4183.87 (cd6713ebf92fa..., userDataDir: C:\Users\sameera\AppData\Lo...}, goog:chromeOptions: {debuggerAddress: localhost:4899}, javascriptEnabled: true, networkConnectionEnabled: false, pageLoadStrategy: normal, platform: WINDOWS, platformName: WINDOWS, proxy: Proxy(), setWindowRect: true, strictFileInteractability: false, timeouts: {implicit: 0, pageLoad: 300000, script: 30000}, unhandledPromptBehavior: dismiss and notify, webauthn:virtualAuthenticators: true}
Session ID: 1c9927fec2e1fb3e60df0abdc2f6f80c
*** Element info: {Using=link text, value=Log in / Connectez-vous}
at sun.reflect.NativeConstructorAccessorImpl.newInstance0(Native Method)
at sun.reflect.NativeConstructorAccessorImpl.newInstance(Unknown Source)
at sun.reflect.DelegatingConstructorAccessorImpl.newInstance(Unknown Source)
at java.lang.reflect.Constructor.newInstance(Unknown Source)
at org.openqa.selenium.remote.http.W3CHttpResponseCodec.createException(W3CHttpResponseCodec.java:187)
at org.openqa.selenium.remote.http.W3CHttpResponseCodec.decode(W3CHttpResponseCodec.java:122)
at org.openqa.selenium.remote.http.W3CHttpResponseCodec.decode(W3CHttpResponseCodec.java:49)
at org.openqa.selenium.remote.HttpCommandExecutor.execute(HttpCommandExecutor.java:158)
at org.openqa.selenium.remote.service.DriverCommandExecutor.execute(DriverCommandExecutor.java:83)
at org.openqa.selenium.remote.RemoteWebDriver.execute(RemoteWebDriver.java:552)
at org.openqa.selenium.remote.RemoteWebDriver.findElement(RemoteWebDriver.java:323)
at org.openqa.selenium.remote.RemoteWebDriver.findElementByLinkText(RemoteWebDriver.java:380)
at org.openqa.selenium.By$ByLinkText.findElement(By.java:220)
at org.openqa.selenium.remote.RemoteWebDriver.findElement(RemoteWebDriver.java:315)
at ProjectFinalObjects.LoginPage.LoginLinkText(LoginPage.java:70)
at projectFinal.EndToEnd.login(EndToEnd.java:66)
at sun.reflect.NativeMethodAccessorImpl.invoke0(Native Method)
at sun.reflect.NativeMethodAccessorImpl.invoke(Unknown Source)
at sun.reflect.DelegatingMethodAccessorImpl.invoke(Unknown Source)
at java.lang.reflect.Method.invoke(Unknown Source)
at org.testng.internal.MethodInvocationHelper.invokeMethod(MethodInvocationHelper.java:132)
at org.testng.internal.MethodInvocationHelper.invokeMethodConsideringTimeout(MethodInvocationHelper.java:61)
at org.testng.internal.ConfigInvoker.invokeConfigurationMethod(ConfigInvoker.java:366)
at org.testng.internal.ConfigInvoker.invokeConfigurations(ConfigInvoker.java:320)
at org.testng.TestRunner.invokeTestConfigurations(TestRunner.java:617)
at org.testng.TestRunner.beforeRun(TestRunner.java:607)
at org.testng.TestRunner.run(TestRunner.java:578)
at org.testng.SuiteRunner.runTest(SuiteRunner.java:384)
at org.testng.SuiteRunner.runSequentially(SuiteRunner.java:378)
at org.testng.SuiteRunner.privateRun(SuiteRunner.java:337)
at org.testng.SuiteRunner.run(SuiteRunner.java:286)
at org.testng.SuiteRunnerWorker.runSuite(SuiteRunnerWorker.java:53)
at org.testng.SuiteRunnerWorker.run(SuiteRunnerWorker.java:96)
at org.testng.TestNG.runSuitesSequentially(TestNG.java:1218)
at org.testng.TestNG.runSuitesLocally(TestNG.java:1140)
at org.testng.TestNG.runSuites(TestNG.java:1069)
at org.testng.TestNG.run(TestNG.java:1037)
at org.testng.remote.AbstractRemoteTestNG.run(AbstractRemoteTestNG.java:115)
at org.testng.remote.RemoteTestNG.initAndRun(RemoteTestNG.java:251)
at org.testng.remote.RemoteTestNG.main(RemoteTestNG.java:77)
]]>
    </error>
  </testcase> <!-- login -->
  <system-out/>
  <testcase name="test7" time="0.000" classname="projectFinal.EndToEnd">
    <skipped/>
  </testcase> <!-- test7 -->
  <system-out/>
  <testcase name="test9" time="0.000" classname="projectFinal.EndToEnd">
    <skipped/>
  </testcase> <!-- test9 -->
  <system-out/>
  <testcase name="test5" time="0.000" classname="projectFinal.EndToEnd">
    <skipped/>
  </testcase> <!-- test5 -->
  <system-out/>
  <testcase name="test8" time="0.000" classname="projectFinal.EndToEnd">
    <skipped/>
  </testcase> <!-- test8 -->
  <system-out/>
  <testcase name="test10" time="0.000" classname="projectFinal.EndToEnd">
    <skipped/>
  </testcase> <!-- test10 -->
  <system-out/>
  <testcase name="test1" time="0.000" classname="projectFinal.EndToEnd">
    <skipped/>
  </testcase> <!-- test1 -->
  <system-out/>
  <testcase name="test12" time="0.000" classname="projectFinal.EndToEnd">
    <skipped/>
  </testcase> <!-- test12 -->
  <system-out/>
  <testcase name="test14" time="0.000" classname="projectFinal.EndToEnd">
    <skipped/>
  </testcase> <!-- test14 -->
  <system-out/>
  <testcase name="test6" time="0.000" classname="projectFinal.EndToEnd">
    <skipped/>
  </testcase> <!-- test6 -->
  <system-out/>
  <testcase name="test3" time="0.000" classname="projectFinal.EndToEnd">
    <skipped/>
  </testcase> <!-- test3 -->
  <system-out/>
  <testcase name="test4" time="0.000" classname="projectFinal.EndToEnd">
    <skipped/>
  </testcase> <!-- test4 -->
  <system-out/>
  <testcase name="test11" time="0.000" classname="projectFinal.EndToEnd">
    <skipped/>
  </testcase> <!-- test11 -->
  <system-out/>
  <testcase name="test15" time="0.000" classname="projectFinal.EndToEnd">
    <skipped/>
  </testcase> <!-- test15 -->
  <system-out/>
  <testcase name="test2" time="0.000" classname="projectFinal.EndToEnd">
    <skipped/>
  </testcase> <!-- test2 -->
  <system-out/>
</testsuite> <!-- projectFinal.EndToEnd -->
